2020-12-03T13:37:04|CRITICAL|root|Unhandled exception:Traceback (most recent call last):
  File "C:\Users\lab\Documents\foundry_scope\ScopeFoundry\hardware.py", line 228, in enable_connection
    self.tree_item.setText(1,'X')
AttributeError: 'AttoCubeXYZStageHW' object has no attribute 'tree_item'

During handling of the above exception, another exception occurred:

Traceback (most recent call last):
  File "C:\Users\lab\Documents\foundry_scope\ScopeFoundry\hardware.py", line 232, in enable_connection
    self.tree_item.setText(1,'?')
AttributeError: 'AttoCubeXYZStageHW' object has no attribute 'tree_item'

2020-12-03T13:37:04|INFO|AttoCubeStageControlMeasure|attocube_dev1 start_stop False
2020-12-03T13:37:04|INFO|AttoCubeStageControlMeasure|measurement attocube_dev1 stopping stop_first
2020-12-03T13:37:04|DEBUG|AttoCube2DSlowScan|compute_scan_params
2020-12-03T13:37:04|DEBUG|AttoCube2DSlowScan|compute_scan_params
2020-12-03T13:37:04|DEBUG|AttoCube2DSlowScan|compute_scan_params
2020-12-03T13:37:04|DEBUG|AttoCube2DSlowScan|compute_scan_params
2020-12-03T13:37:04|DEBUG|AttoCube2DSlowScan|compute_scan_params
2020-12-03T13:37:04|DEBUG|AttoCube2DSlowScan|compute_scan_params
2020-12-03T13:37:04|DEBUG|AttoCube2DSlowScan|compute_scan_params
2020-12-03T13:37:04|INFO|AttoCubeStageControlMeasure|attocube_dev1 start_stop False
2020-12-03T13:37:04|INFO|AttoCubeStageControlMeasure|measurement attocube_dev1 stopping stop_first
2020-12-03T13:37:04|INFO|AttoCube2DSlowScan|AttoCube2DSlowScan start_stop False
2020-12-03T13:37:04|INFO|AttoCube2DSlowScan|measurement AttoCube2DSlowScan stopping stop_first
2020-12-03T13:37:04|DEBUG|AttoCube2DSlowScan|compute_scan_params
2020-12-03T13:37:04|DEBUG|AttoCube2DSlowScan|compute_scan_params
2020-12-03T13:37:04|DEBUG|AttoCube2DSlowScan|compute_scan_params
2020-12-03T13:37:04|DEBUG|AttoCube2DSlowScan|compute_scan_params
2020-12-03T13:37:04|DEBUG|AttoCube2DSlowScan|compute_scan_params
2020-12-03T13:37:04|DEBUG|AttoCube2DSlowScan|compute_scan_params
2020-12-03T13:37:04|INFO|AttocubeTestApp|setting up figures for attocube_dev1 measurement attocube_dev1
2020-12-03T13:37:04|INFO|AttocubeTestApp|setting up figures for AttoCube2DSlowScan measurement AttoCube2DSlowScan
2020-12-03T13:37:04|DEBUG|AttoCube2DSlowScan|compute_scan_params
2020-12-03T13:37:04|DEBUG|AttoCube2DSlowScan|update_scan_roi
2020-12-03T13:39:15|DEBUG|root|close
2020-12-03T13:39:18|DEBUG|root|closing
2020-12-03T13:39:18|INFO|AttocubeTestApp|on_close
2020-12-03T13:39:18|INFO|AttocubeTestApp|disconnecting attocube_xyz_stage
